<?xml version="1.0" encoding="UTF-8"?>
<!-- Generated by org.testng.reporters.JUnitReportReporter -->
<testsuite hostname="DESKTOP-GJAK483" failures="0" tests="1" name="controllers.Client_Side.login" time="31.875" errors="0" timestamp="06 Aug 2018 11:04:41 GMT" skipped="0">
  <testcase classname="controllers.Client_Side.login" name="user_can_login" time="31.875"/>
</testsuite> <!-- controllers.Client_Side.login -->
