<?xml version="1.0" encoding="UTF-8"?>
<!-- Generated by org.testng.reporters.JUnitReportReporter -->
<testsuite hostname="DESKTOP-GJAK483" failures="0" tests="1" name="controllers.client.profile" time="32.472" errors="0" timestamp="07 Aug 2018 09:25:08 GMT" skipped="0">
  <testcase classname="controllers.client.profile" name="user_can_addBenificiary" time="32.472"/>
</testsuite> <!-- controllers.client.profile -->
