<?xml version="1.0" encoding="UTF-8"?>
<!-- Generated by org.testng.reporters.JUnitReportReporter -->
<testsuite hostname="DESKTOP-GJAK483" failures="0" tests="1" name="controllers.Client_Side.dashboard" time="57.905" errors="0" timestamp="06 Aug 2018 12:02:26 GMT" skipped="0">
  <testcase classname="controllers.Client_Side.dashboard" name="user_can_addBenificiary" time="57.905"/>
</testsuite> <!-- controllers.Client_Side.dashboard -->
