<?xml version="1.0" encoding="UTF-8"?>
<!-- Generated by org.testng.reporters.JUnitReportReporter -->
<testsuite skipped="0" hostname="DESKTOP-GJAK483" name="controllers.api.api_Tests.company.Company_Signup" tests="6" failures="0" timestamp="20 Jul 2018 09:27:40 GMT" time="32.550" errors="0">
  <testcase name="Test_affiliation" time="4.783" classname="controllers.api.api_Tests.company.Company_Signup"/>
  <testcase name="Test_valid_CompanyName" time="0.960" classname="controllers.api.api_Tests.company.Company_Signup"/>
  <testcase name="postSignup" time="2.324" classname="controllers.api.api_Tests.company.Company_Signup"/>
  <testcase name="Test_invalid_CompanyName" time="0.988" classname="controllers.api.api_Tests.company.Company_Signup"/>
  <testcase name="postSignup_Negative" time="22.338" classname="controllers.api.api_Tests.company.Company_Signup"/>
  <testcase name="Test_null_UUID_CompanyName" time="1.157" classname="controllers.api.api_Tests.company.Company_Signup"/>
</testsuite> <!-- Company_Signup -->
