<?xml version="1.0" encoding="UTF-8"?>
<!-- Generated by org.testng.reporters.JUnitReportReporter -->
<testsuite skipped="0" hostname="DESKTOP-GJAK483" name="controllers.api.api_Tests.company.Employee_ApiModule" tests="1" failures="0" timestamp="26 Jun 2018 10:18:05 GMT" time="8.431" errors="0">
  <testcase name="Test_affiliation" time="8.431" classname="controllers.api.api_Tests.company.Employee_ApiModule"/>
</testsuite> <!-- Employee_ApiModule -->
