<?xml version="1.0" encoding="UTF-8"?>
<!-- Generated by org.testng.reporters.JUnitReportReporter -->
<testsuite hostname="DESKTOP-GJAK483" failures="0" tests="1" name="controllers.client.benificiary" time="53.857" errors="0" timestamp="07 Aug 2018 07:00:35 GMT" skipped="0">
  <testcase classname="controllers.client.benificiary" name="user_can_addBenificiary" time="53.857"/>
</testsuite> <!-- controllers.client.benificiary -->
